{"uuid":"d9aaf8e3-c402-420e-93de-c2a09db027cc","historyId":"61723fee280528857754e8b8d170c4b9","fullName":"src/test/resources/features/product.feature:12","labels":[{"name":"tag","value":"tag6"},{"name":"host","value":"DESKTOP-H9INCBM"},{"name":"thread","value":"7480@DESKTOP-H9INCBM.main(1)"},{"name":"feature","value":"Product feature page"},{"name":"story","value":"Verify Product details table"},{"name":"suite","value":"Product feature page"},{"name":"testClass","value":"Verify Product details table"},{"name":"framework","value":"cucumber4jvm"},{"name":"language","value":"java"},{"name":"gherkin_uri","value":"file:///D:/Workspace/eclipse-workspace/CucumberProjectDemoo/src/test/resources/features/product.feature"},{"name":"package","value":"src.test.resources.features.product_feature.Product feature page"}],"links":[],"name":"Verify Product details table","status":"broken","statusDetails":{"known":false,"muted":false,"flaky":false,"message":"element click intercepted: Element <a href=\"#\" aria-controls=\"products-grid\" data-dt-idx=\"0\" tabindex=\"0\" class=\"page-link\">...</a> is not clickable at point (308, 588). Other element would receive the click: <li class=\"paginate_button page-item previous disabled\" id=\"products-grid_previous\">...</li>\n  (Session info: chrome=119.0.6045.105)\nBuild info: version: '4.14.1', revision: '03f8ede370'\nSystem info: os.name: 'Windows 10', os.arch: 'amd64', os.version: '10.0', java.version: '18.0.1'\nDriver info: org.openqa.selenium.chrome.ChromeDriver\nCommand: [07ad5a8a489997c1c1d1def905137610, clickElement {id=5365FE3A81CC47F52E6460D1D76CF287_element_139}]\nCapabilities {acceptInsecureCerts: false, browserName: chrome, browserVersion: 119.0.6045.105, chrome: {chromedriverVersion: 119.0.6045.105 (38c72552c5e..., userDataDir: C:\\Users\\LENOVO\\AppData\\Loc...}, fedcm:accounts: true, goog:chromeOptions: {debuggerAddress: localhost:51768}, networkConnectionEnabled: false, pageLoadStrategy: normal, platformName: windows, proxy: Proxy(), se:cdp: ws://localhost:51768/devtoo..., se:cdpVersion: 119.0.6045.105, setWindowRect: true, strictFileInteractability: false, timeouts: {implicit: 0, pageLoad: 300000, script: 30000}, unhandledPromptBehavior: dismiss and notify, webauthn:extension:credBlob: true, webauthn:extension:largeBlob: true, webauthn:extension:minPinLength: true, webauthn:extension:prf: true, webauthn:virtualAuthenticators: true}\nElement: [[ChromeDriver: chrome on windows (07ad5a8a489997c1c1d1def905137610)] -> xpath: //ul[@class='pagination']//a[@data-dt-idx='0']]\nSession ID: 07ad5a8a489997c1c1d1def905137610","trace":"org.openqa.selenium.ElementClickInterceptedException: element click intercepted: Element <a href=\"#\" aria-controls=\"products-grid\" data-dt-idx=\"0\" tabindex=\"0\" class=\"page-link\">...</a> is not clickable at point (308, 588). Other element would receive the click: <li class=\"paginate_button page-item previous disabled\" id=\"products-grid_previous\">...</li>\n  (Session info: chrome=119.0.6045.105)\nBuild info: version: '4.14.1', revision: '03f8ede370'\nSystem info: os.name: 'Windows 10', os.arch: 'amd64', os.version: '10.0', java.version: '18.0.1'\nDriver info: org.openqa.selenium.chrome.ChromeDriver\nCommand: [07ad5a8a489997c1c1d1def905137610, clickElement {id=5365FE3A81CC47F52E6460D1D76CF287_element_139}]\nCapabilities {acceptInsecureCerts: false, browserName: chrome, browserVersion: 119.0.6045.105, chrome: {chromedriverVersion: 119.0.6045.105 (38c72552c5e..., userDataDir: C:\\Users\\LENOVO\\AppData\\Loc...}, fedcm:accounts: true, goog:chromeOptions: {debuggerAddress: localhost:51768}, networkConnectionEnabled: false, pageLoadStrategy: normal, platformName: windows, proxy: Proxy(), se:cdp: ws://localhost:51768/devtoo..., se:cdpVersion: 119.0.6045.105, setWindowRect: true, strictFileInteractability: false, timeouts: {implicit: 0, pageLoad: 300000, script: 30000}, unhandledPromptBehavior: dismiss and notify, webauthn:extension:credBlob: true, webauthn:extension:largeBlob: true, webauthn:extension:minPinLength: true, webauthn:extension:prf: true, webauthn:virtualAuthenticators: true}\nElement: [[ChromeDriver: chrome on windows (07ad5a8a489997c1c1d1def905137610)] -> xpath: //ul[@class='pagination']//a[@data-dt-idx='0']]\nSession ID: 07ad5a8a489997c1c1d1def905137610\r\n\tat java.base/jdk.internal.reflect.DirectConstructorHandleAccessor.newInstance(DirectConstructorHandleAccessor.java:67)\r\n\tat java.base/java.lang.reflect.Constructor.newInstanceWithCaller(Constructor.java:499)\r\n\tat java.base/java.lang.reflect.Constructor.newInstance(Constructor.java:483)\r\n\tat org.openqa.selenium.remote.codec.w3c.W3CHttpResponseCodec.createException(W3CHttpResponseCodec.java:200)\r\n\tat org.openqa.selenium.remote.codec.w3c.W3CHttpResponseCodec.decode(W3CHttpResponseCodec.java:133)\r\n\tat org.openqa.selenium.remote.codec.w3c.W3CHttpResponseCodec.decode(W3CHttpResponseCodec.java:52)\r\n\tat org.openqa.selenium.remote.HttpCommandExecutor.execute(HttpCommandExecutor.java:191)\r\n\tat org.openqa.selenium.remote.service.DriverCommandExecutor.invokeExecute(DriverCommandExecutor.java:200)\r\n\tat org.openqa.selenium.remote.service.DriverCommandExecutor.execute(DriverCommandExecutor.java:175)\r\n\tat org.openqa.selenium.remote.RemoteWebDriver.execute(RemoteWebDriver.java:602)\r\n\tat org.openqa.selenium.remote.RemoteWebElement.execute(RemoteWebElement.java:224)\r\n\tat org.openqa.selenium.remote.RemoteWebElement.click(RemoteWebElement.java:77)\r\n\tat PageObjects.Productpage.pagination(Productpage.java:47)\r\n\tat stepDefinations.ProductSteps.user_verify_the_product_table(ProductSteps.java:35)\r\n\tat ✽.user verify the product table(file:///D:/Workspace/eclipse-workspace/CucumberProjectDemoo/src/test/resources/features/product.feature:15)\r\n"},"stage":"finished","steps":[{"name":"Given  User Launches Chrome Browser","status":"passed","statusDetails":{"known":false,"muted":false,"flaky":false},"stage":"finished","steps":[],"attachments":[],"parameters":[],"start":1699248054954,"stop":1699248055111},{"name":"Then  User Enter url \"https://admin-demo.nopcommerce.com/login\"","status":"passed","statusDetails":{"known":false,"muted":false,"flaky":false},"stage":"finished","steps":[],"attachments":[],"parameters":[],"start":1699248055113,"stop":1699248056914},{"name":"And  User enters mail as \"admin@yourstore.com\" and password as \"admin\"","status":"passed","statusDetails":{"known":false,"muted":false,"flaky":false},"stage":"finished","steps":[],"attachments":[],"parameters":[],"start":1699248056915,"stop":1699248057902},{"name":"And  Click on Login","status":"passed","statusDetails":{"known":false,"muted":false,"flaky":false},"stage":"finished","steps":[],"attachments":[],"parameters":[],"start":1699248057905,"stop":1699248067861},{"name":"Then  Page Title is \"Dashboard / nopCommerce administration\"","status":"passed","statusDetails":{"known":false,"muted":false,"flaky":false},"stage":"finished","steps":[],"attachments":[],"parameters":[],"start":1699248067863,"stop":1699248068107},{"name":"Given  User will see the catalog menu in menu bar","status":"passed","statusDetails":{"known":false,"muted":false,"flaky":false},"stage":"finished","steps":[],"attachments":[],"parameters":[],"start":1699248068109,"stop":1699248068348},{"name":"Then  User click product under catalog menu","status":"passed","statusDetails":{"known":false,"muted":false,"flaky":false},"stage":"finished","steps":[],"attachments":[],"parameters":[],"start":1699248068351,"stop":1699248070484},{"name":"Then  user verify the product table","status":"broken","statusDetails":{"known":false,"muted":false,"flaky":false,"message":"element click intercepted: Element <a href=\"#\" aria-controls=\"products-grid\" data-dt-idx=\"0\" tabindex=\"0\" class=\"page-link\">...</a> is not clickable at point (308, 588). Other element would receive the click: <li class=\"paginate_button page-item previous disabled\" id=\"products-grid_previous\">...</li>\n  (Session info: chrome=119.0.6045.105)\nBuild info: version: '4.14.1', revision: '03f8ede370'\nSystem info: os.name: 'Windows 10', os.arch: 'amd64', os.version: '10.0', java.version: '18.0.1'\nDriver info: org.openqa.selenium.chrome.ChromeDriver\nCommand: [07ad5a8a489997c1c1d1def905137610, clickElement {id=5365FE3A81CC47F52E6460D1D76CF287_element_139}]\nCapabilities {acceptInsecureCerts: false, browserName: chrome, browserVersion: 119.0.6045.105, chrome: {chromedriverVersion: 119.0.6045.105 (38c72552c5e..., userDataDir: C:\\Users\\LENOVO\\AppData\\Loc...}, fedcm:accounts: true, goog:chromeOptions: {debuggerAddress: localhost:51768}, networkConnectionEnabled: false, pageLoadStrategy: normal, platformName: windows, proxy: Proxy(), se:cdp: ws://localhost:51768/devtoo..., se:cdpVersion: 119.0.6045.105, setWindowRect: true, strictFileInteractability: false, timeouts: {implicit: 0, pageLoad: 300000, script: 30000}, unhandledPromptBehavior: dismiss and notify, webauthn:extension:credBlob: true, webauthn:extension:largeBlob: true, webauthn:extension:minPinLength: true, webauthn:extension:prf: true, webauthn:virtualAuthenticators: true}\nElement: [[ChromeDriver: chrome on windows (07ad5a8a489997c1c1d1def905137610)] -> xpath: //ul[@class='pagination']//a[@data-dt-idx='0']]\nSession ID: 07ad5a8a489997c1c1d1def905137610","trace":"org.openqa.selenium.ElementClickInterceptedException: element click intercepted: Element <a href=\"#\" aria-controls=\"products-grid\" data-dt-idx=\"0\" tabindex=\"0\" class=\"page-link\">...</a> is not clickable at point (308, 588). Other element would receive the click: <li class=\"paginate_button page-item previous disabled\" id=\"products-grid_previous\">...</li>\n  (Session info: chrome=119.0.6045.105)\nBuild info: version: '4.14.1', revision: '03f8ede370'\nSystem info: os.name: 'Windows 10', os.arch: 'amd64', os.version: '10.0', java.version: '18.0.1'\nDriver info: org.openqa.selenium.chrome.ChromeDriver\nCommand: [07ad5a8a489997c1c1d1def905137610, clickElement {id=5365FE3A81CC47F52E6460D1D76CF287_element_139}]\nCapabilities {acceptInsecureCerts: false, browserName: chrome, browserVersion: 119.0.6045.105, chrome: {chromedriverVersion: 119.0.6045.105 (38c72552c5e..., userDataDir: C:\\Users\\LENOVO\\AppData\\Loc...}, fedcm:accounts: true, goog:chromeOptions: {debuggerAddress: localhost:51768}, networkConnectionEnabled: false, pageLoadStrategy: normal, platformName: windows, proxy: Proxy(), se:cdp: ws://localhost:51768/devtoo..., se:cdpVersion: 119.0.6045.105, setWindowRect: true, strictFileInteractability: false, timeouts: {implicit: 0, pageLoad: 300000, script: 30000}, unhandledPromptBehavior: dismiss and notify, webauthn:extension:credBlob: true, webauthn:extension:largeBlob: true, webauthn:extension:minPinLength: true, webauthn:extension:prf: true, webauthn:virtualAuthenticators: true}\nElement: [[ChromeDriver: chrome on windows (07ad5a8a489997c1c1d1def905137610)] -> xpath: //ul[@class='pagination']//a[@data-dt-idx='0']]\nSession ID: 07ad5a8a489997c1c1d1def905137610\r\n\tat java.base/jdk.internal.reflect.DirectConstructorHandleAccessor.newInstance(DirectConstructorHandleAccessor.java:67)\r\n\tat java.base/java.lang.reflect.Constructor.newInstanceWithCaller(Constructor.java:499)\r\n\tat java.base/java.lang.reflect.Constructor.newInstance(Constructor.java:483)\r\n\tat org.openqa.selenium.remote.codec.w3c.W3CHttpResponseCodec.createException(W3CHttpResponseCodec.java:200)\r\n\tat org.openqa.selenium.remote.codec.w3c.W3CHttpResponseCodec.decode(W3CHttpResponseCodec.java:133)\r\n\tat org.openqa.selenium.remote.codec.w3c.W3CHttpResponseCodec.decode(W3CHttpResponseCodec.java:52)\r\n\tat org.openqa.selenium.remote.HttpCommandExecutor.execute(HttpCommandExecutor.java:191)\r\n\tat org.openqa.selenium.remote.service.DriverCommandExecutor.invokeExecute(DriverCommandExecutor.java:200)\r\n\tat org.openqa.selenium.remote.service.DriverCommandExecutor.execute(DriverCommandExecutor.java:175)\r\n\tat org.openqa.selenium.remote.RemoteWebDriver.execute(RemoteWebDriver.java:602)\r\n\tat org.openqa.selenium.remote.RemoteWebElement.execute(RemoteWebElement.java:224)\r\n\tat org.openqa.selenium.remote.RemoteWebElement.click(RemoteWebElement.java:77)\r\n\tat PageObjects.Productpage.pagination(Productpage.java:47)\r\n\tat stepDefinations.ProductSteps.user_verify_the_product_table(ProductSteps.java:35)\r\n\tat ✽.user verify the product table(file:///D:/Workspace/eclipse-workspace/CucumberProjectDemoo/src/test/resources/features/product.feature:15)\r\n"},"stage":"finished","steps":[],"attachments":[],"parameters":[],"start":1699248070490,"stop":1699248072239}],"attachments":[],"parameters":[],"start":1699248046845,"stop":1699248078688}