{"uuid":"fad1af92-5d47-4f60-8ad5-e41675772795","historyId":"61723fee280528857754e8b8d170c4b9","fullName":"src/test/resources/features/product.feature:12","labels":[{"name":"tag","value":"tag6"},{"name":"host","value":"DESKTOP-H9INCBM"},{"name":"thread","value":"15696@DESKTOP-H9INCBM.main(1)"},{"name":"feature","value":"Product feature page"},{"name":"story","value":"Verify Product details table"},{"name":"suite","value":"Product feature page"},{"name":"testClass","value":"Verify Product details table"},{"name":"framework","value":"cucumber4jvm"},{"name":"language","value":"java"},{"name":"gherkin_uri","value":"file:///D:/Workspace/eclipse-workspace/CucumberProjectDemoo/src/test/resources/features/product.feature"},{"name":"package","value":"src.test.resources.features.product_feature.Product feature page"}],"links":[],"name":"Verify Product details table","status":"broken","statusDetails":{"known":false,"muted":false,"flaky":false,"message":"element click intercepted: Element <a href=\"#\" aria-controls=\"products-grid\" data-dt-idx=\"4\" tabindex=\"0\" class=\"page-link\">...</a> is not clickable at point (448, 588). Other element would receive the click: <li class=\"paginate_button page-item next disabled\" id=\"products-grid_next\">...</li>\n  (Session info: chrome=119.0.6045.105)\nBuild info: version: '4.14.1', revision: '03f8ede370'\nSystem info: os.name: 'Windows 10', os.arch: 'amd64', os.version: '10.0', java.version: '18.0.1'\nDriver info: org.openqa.selenium.chrome.ChromeDriver\nCommand: [1fce8018d2409893ebc0a2ea52db09e1, clickElement {id=87CB32BA1AD84DD356A6489A35CC69C0_element_329}]\nCapabilities {acceptInsecureCerts: false, browserName: chrome, browserVersion: 119.0.6045.105, chrome: {chromedriverVersion: 119.0.6045.105 (38c72552c5e..., userDataDir: C:\\Users\\LENOVO\\AppData\\Loc...}, fedcm:accounts: true, goog:chromeOptions: {debuggerAddress: localhost:51935}, networkConnectionEnabled: false, pageLoadStrategy: normal, platformName: windows, proxy: Proxy(), se:cdp: ws://localhost:51935/devtoo..., se:cdpVersion: 119.0.6045.105, setWindowRect: true, strictFileInteractability: false, timeouts: {implicit: 0, pageLoad: 300000, script: 30000}, unhandledPromptBehavior: dismiss and notify, webauthn:extension:credBlob: true, webauthn:extension:largeBlob: true, webauthn:extension:minPinLength: true, webauthn:extension:prf: true, webauthn:virtualAuthenticators: true}\nElement: [[ChromeDriver: chrome on windows (1fce8018d2409893ebc0a2ea52db09e1)] -> xpath: //ul[@class='pagination']//a[@data-dt-idx='4']]\nSession ID: 1fce8018d2409893ebc0a2ea52db09e1","trace":"org.openqa.selenium.ElementClickInterceptedException: element click intercepted: Element <a href=\"#\" aria-controls=\"products-grid\" data-dt-idx=\"4\" tabindex=\"0\" class=\"page-link\">...</a> is not clickable at point (448, 588). Other element would receive the click: <li class=\"paginate_button page-item next disabled\" id=\"products-grid_next\">...</li>\n  (Session info: chrome=119.0.6045.105)\nBuild info: version: '4.14.1', revision: '03f8ede370'\nSystem info: os.name: 'Windows 10', os.arch: 'amd64', os.version: '10.0', java.version: '18.0.1'\nDriver info: org.openqa.selenium.chrome.ChromeDriver\nCommand: [1fce8018d2409893ebc0a2ea52db09e1, clickElement {id=87CB32BA1AD84DD356A6489A35CC69C0_element_329}]\nCapabilities {acceptInsecureCerts: false, browserName: chrome, browserVersion: 119.0.6045.105, chrome: {chromedriverVersion: 119.0.6045.105 (38c72552c5e..., userDataDir: C:\\Users\\LENOVO\\AppData\\Loc...}, fedcm:accounts: true, goog:chromeOptions: {debuggerAddress: localhost:51935}, networkConnectionEnabled: false, pageLoadStrategy: normal, platformName: windows, proxy: Proxy(), se:cdp: ws://localhost:51935/devtoo..., se:cdpVersion: 119.0.6045.105, setWindowRect: true, strictFileInteractability: false, timeouts: {implicit: 0, pageLoad: 300000, script: 30000}, unhandledPromptBehavior: dismiss and notify, webauthn:extension:credBlob: true, webauthn:extension:largeBlob: true, webauthn:extension:minPinLength: true, webauthn:extension:prf: true, webauthn:virtualAuthenticators: true}\nElement: [[ChromeDriver: chrome on windows (1fce8018d2409893ebc0a2ea52db09e1)] -> xpath: //ul[@class='pagination']//a[@data-dt-idx='4']]\nSession ID: 1fce8018d2409893ebc0a2ea52db09e1\r\n\tat java.base/jdk.internal.reflect.DirectConstructorHandleAccessor.newInstance(DirectConstructorHandleAccessor.java:67)\r\n\tat java.base/java.lang.reflect.Constructor.newInstanceWithCaller(Constructor.java:499)\r\n\tat java.base/java.lang.reflect.Constructor.newInstance(Constructor.java:483)\r\n\tat org.openqa.selenium.remote.codec.w3c.W3CHttpResponseCodec.createException(W3CHttpResponseCodec.java:200)\r\n\tat org.openqa.selenium.remote.codec.w3c.W3CHttpResponseCodec.decode(W3CHttpResponseCodec.java:133)\r\n\tat org.openqa.selenium.remote.codec.w3c.W3CHttpResponseCodec.decode(W3CHttpResponseCodec.java:52)\r\n\tat org.openqa.selenium.remote.HttpCommandExecutor.execute(HttpCommandExecutor.java:191)\r\n\tat org.openqa.selenium.remote.service.DriverCommandExecutor.invokeExecute(DriverCommandExecutor.java:200)\r\n\tat org.openqa.selenium.remote.service.DriverCommandExecutor.execute(DriverCommandExecutor.java:175)\r\n\tat org.openqa.selenium.remote.RemoteWebDriver.execute(RemoteWebDriver.java:602)\r\n\tat org.openqa.selenium.remote.RemoteWebElement.execute(RemoteWebElement.java:224)\r\n\tat org.openqa.selenium.remote.RemoteWebElement.click(RemoteWebElement.java:77)\r\n\tat PageObjects.Productpage.pagination(Productpage.java:47)\r\n\tat stepDefinations.ProductSteps.user_verify_the_product_table(ProductSteps.java:35)\r\n\tat ✽.user verify the product table(file:///D:/Workspace/eclipse-workspace/CucumberProjectDemoo/src/test/resources/features/product.feature:15)\r\n"},"stage":"finished","steps":[{"name":"Given  User Launches Chrome Browser","status":"passed","statusDetails":{"known":false,"muted":false,"flaky":false},"stage":"finished","steps":[],"attachments":[],"parameters":[],"start":1699248274452,"stop":1699248274511},{"name":"Then  User Enter url \"https://admin-demo.nopcommerce.com/login\"","status":"passed","statusDetails":{"known":false,"muted":false,"flaky":false},"stage":"finished","steps":[],"attachments":[],"parameters":[],"start":1699248274525,"stop":1699248276865},{"name":"And  User enters mail as \"admin@yourstore.com\" and password as \"admin\"","status":"passed","statusDetails":{"known":false,"muted":false,"flaky":false},"stage":"finished","steps":[],"attachments":[],"parameters":[],"start":1699248276866,"stop":1699248277349},{"name":"And  Click on Login","status":"passed","statusDetails":{"known":false,"muted":false,"flaky":false},"stage":"finished","steps":[],"attachments":[],"parameters":[],"start":1699248277351,"stop":1699248287821},{"name":"Then  Page Title is \"Dashboard / nopCommerce administration\"","status":"passed","statusDetails":{"known":false,"muted":false,"flaky":false},"stage":"finished","steps":[],"attachments":[],"parameters":[],"start":1699248287823,"stop":1699248287934},{"name":"Given  User will see the catalog menu in menu bar","status":"passed","statusDetails":{"known":false,"muted":false,"flaky":false},"stage":"finished","steps":[],"attachments":[],"parameters":[],"start":1699248287939,"stop":1699248288179},{"name":"Then  User click product under catalog menu","status":"passed","statusDetails":{"known":false,"muted":false,"flaky":false},"stage":"finished","steps":[],"attachments":[],"parameters":[],"start":1699248288182,"stop":1699248290199},{"name":"Then  user verify the product table","status":"broken","statusDetails":{"known":false,"muted":false,"flaky":false,"message":"element click intercepted: Element <a href=\"#\" aria-controls=\"products-grid\" data-dt-idx=\"4\" tabindex=\"0\" class=\"page-link\">...</a> is not clickable at point (448, 588). Other element would receive the click: <li class=\"paginate_button page-item next disabled\" id=\"products-grid_next\">...</li>\n  (Session info: chrome=119.0.6045.105)\nBuild info: version: '4.14.1', revision: '03f8ede370'\nSystem info: os.name: 'Windows 10', os.arch: 'amd64', os.version: '10.0', java.version: '18.0.1'\nDriver info: org.openqa.selenium.chrome.ChromeDriver\nCommand: [1fce8018d2409893ebc0a2ea52db09e1, clickElement {id=87CB32BA1AD84DD356A6489A35CC69C0_element_329}]\nCapabilities {acceptInsecureCerts: false, browserName: chrome, browserVersion: 119.0.6045.105, chrome: {chromedriverVersion: 119.0.6045.105 (38c72552c5e..., userDataDir: C:\\Users\\LENOVO\\AppData\\Loc...}, fedcm:accounts: true, goog:chromeOptions: {debuggerAddress: localhost:51935}, networkConnectionEnabled: false, pageLoadStrategy: normal, platformName: windows, proxy: Proxy(), se:cdp: ws://localhost:51935/devtoo..., se:cdpVersion: 119.0.6045.105, setWindowRect: true, strictFileInteractability: false, timeouts: {implicit: 0, pageLoad: 300000, script: 30000}, unhandledPromptBehavior: dismiss and notify, webauthn:extension:credBlob: true, webauthn:extension:largeBlob: true, webauthn:extension:minPinLength: true, webauthn:extension:prf: true, webauthn:virtualAuthenticators: true}\nElement: [[ChromeDriver: chrome on windows (1fce8018d2409893ebc0a2ea52db09e1)] -> xpath: //ul[@class='pagination']//a[@data-dt-idx='4']]\nSession ID: 1fce8018d2409893ebc0a2ea52db09e1","trace":"org.openqa.selenium.ElementClickInterceptedException: element click intercepted: Element <a href=\"#\" aria-controls=\"products-grid\" data-dt-idx=\"4\" tabindex=\"0\" class=\"page-link\">...</a> is not clickable at point (448, 588). Other element would receive the click: <li class=\"paginate_button page-item next disabled\" id=\"products-grid_next\">...</li>\n  (Session info: chrome=119.0.6045.105)\nBuild info: version: '4.14.1', revision: '03f8ede370'\nSystem info: os.name: 'Windows 10', os.arch: 'amd64', os.version: '10.0', java.version: '18.0.1'\nDriver info: org.openqa.selenium.chrome.ChromeDriver\nCommand: [1fce8018d2409893ebc0a2ea52db09e1, clickElement {id=87CB32BA1AD84DD356A6489A35CC69C0_element_329}]\nCapabilities {acceptInsecureCerts: false, browserName: chrome, browserVersion: 119.0.6045.105, chrome: {chromedriverVersion: 119.0.6045.105 (38c72552c5e..., userDataDir: C:\\Users\\LENOVO\\AppData\\Loc...}, fedcm:accounts: true, goog:chromeOptions: {debuggerAddress: localhost:51935}, networkConnectionEnabled: false, pageLoadStrategy: normal, platformName: windows, proxy: Proxy(), se:cdp: ws://localhost:51935/devtoo..., se:cdpVersion: 119.0.6045.105, setWindowRect: true, strictFileInteractability: false, timeouts: {implicit: 0, pageLoad: 300000, script: 30000}, unhandledPromptBehavior: dismiss and notify, webauthn:extension:credBlob: true, webauthn:extension:largeBlob: true, webauthn:extension:minPinLength: true, webauthn:extension:prf: true, webauthn:virtualAuthenticators: true}\nElement: [[ChromeDriver: chrome on windows (1fce8018d2409893ebc0a2ea52db09e1)] -> xpath: //ul[@class='pagination']//a[@data-dt-idx='4']]\nSession ID: 1fce8018d2409893ebc0a2ea52db09e1\r\n\tat java.base/jdk.internal.reflect.DirectConstructorHandleAccessor.newInstance(DirectConstructorHandleAccessor.java:67)\r\n\tat java.base/java.lang.reflect.Constructor.newInstanceWithCaller(Constructor.java:499)\r\n\tat java.base/java.lang.reflect.Constructor.newInstance(Constructor.java:483)\r\n\tat org.openqa.selenium.remote.codec.w3c.W3CHttpResponseCodec.createException(W3CHttpResponseCodec.java:200)\r\n\tat org.openqa.selenium.remote.codec.w3c.W3CHttpResponseCodec.decode(W3CHttpResponseCodec.java:133)\r\n\tat org.openqa.selenium.remote.codec.w3c.W3CHttpResponseCodec.decode(W3CHttpResponseCodec.java:52)\r\n\tat org.openqa.selenium.remote.HttpCommandExecutor.execute(HttpCommandExecutor.java:191)\r\n\tat org.openqa.selenium.remote.service.DriverCommandExecutor.invokeExecute(DriverCommandExecutor.java:200)\r\n\tat org.openqa.selenium.remote.service.DriverCommandExecutor.execute(DriverCommandExecutor.java:175)\r\n\tat org.openqa.selenium.remote.RemoteWebDriver.execute(RemoteWebDriver.java:602)\r\n\tat org.openqa.selenium.remote.RemoteWebElement.execute(RemoteWebElement.java:224)\r\n\tat org.openqa.selenium.remote.RemoteWebElement.click(RemoteWebElement.java:77)\r\n\tat PageObjects.Productpage.pagination(Productpage.java:47)\r\n\tat stepDefinations.ProductSteps.user_verify_the_product_table(ProductSteps.java:35)\r\n\tat ✽.user verify the product table(file:///D:/Workspace/eclipse-workspace/CucumberProjectDemoo/src/test/resources/features/product.feature:15)\r\n"},"stage":"finished","steps":[],"attachments":[],"parameters":[],"start":1699248290201,"stop":1699248316361}],"attachments":[],"parameters":[],"start":1699248267349,"stop":1699248322824}